Environment variable "G4FORCE_RUN_MANAGER_TYPE" enabled with value == Serial. Forcing G4RunManager type...

        ############################################
        !!! WARNING - FPE detection is activated !!!
        ############################################

**************************************************************
 Geant4 version Name: geant4-10-07-patch-02    (11-June-2021)
                       Copyright : Geant4 Collaboration
                      References : NIM A 506 (2003), 250-303
                                 : IEEE-TNS 53 (2006), 270-278
                                 : NIM A 835 (2016), 186-225
                             WWW : http://geant4.org/
**************************************************************

===== Register constructor ==== G4EmDNAPhysics_option2
===== Register constructor ==== G4EmDNAChemistry_option3
*** /run/numberOfThreads command is issued in sequential mode.
Command is ignored.
G4SDManager::AddNewCollection : the collection <mfDetector/PrimaryKiller> is registered at 1
G4SDManager::AddNewCollection : the collection <mfDetector/LET> is registered at 2
G4SDManager::AddNewCollection : the collection <mfDetector/Species> is registered at 3
New sensitive detector <mfDetector> is registered at /
Number of chemical species involved in reactions = 18
Reaction                                    Reaction Rate [dm3/(mol*s)]   
----------------------------------------------------------------------------
H3O^1 + OH^-1 -> No product                 1.13e+11                      
----------------------------------------------------------------------------
H3O^1 + O_3^-1 -> OH^0 + O_2^0              9e+10                         
----------------------------------------------------------------------------
H3O^1 + e_aq^-1 -> H^0                      2.11e+10                      
----------------------------------------------------------------------------
H3O^1 + O_2^-1 -> HO_2^0                    4.78e+10                      
----------------------------------------------------------------------------
H3O^1 + HO_2^-1 -> H2O2^0                   5e+10                         
----------------------------------------------------------------------------
H3O^1 + O^-1 -> OH^0                        4.78e+10                      
----------------------------------------------------------------------------
H3O^1 + OH^-1 -> No product                 0.0112                        
----------------------------------------------------------------------------
OH^0 + O^0 -> HO_2^0                        2.02e+10                      
----------------------------------------------------------------------------
OH^0 + H^0 -> No product                    1.55e+10                      
----------------------------------------------------------------------------
OH^0 + OH^0 -> H2O2^0                       5.5e+09                       
----------------------------------------------------------------------------
OH^0 + H2O2^0 -> HO_2^0                     2.88e+07                      
----------------------------------------------------------------------------
OH^0 + H_2^0 -> H^0                         3.28e+07                      
----------------------------------------------------------------------------
OH^0 + e_aq^-1 -> OH^-1                     2.95e+10                      
----------------------------------------------------------------------------
OH^0 + OH^-1 -> O^-1                        6.3e+09                       
----------------------------------------------------------------------------
OH^0 + HO_2^0 -> O_2^0                      7.9e+09                       
----------------------------------------------------------------------------
OH^0 + O_2^-1 -> O_2^0 + OH^-1              1.07e+10                      
----------------------------------------------------------------------------
OH^0 + HO_2^-1 -> HO_2^0 + OH^-1            8.32e+09                      
----------------------------------------------------------------------------
OH^0 + O^-1 -> HO_2^-1                      1e+09                         
----------------------------------------------------------------------------
OH^0 + O_3^-1 -> O_2^-1 + HO_2^0            8.5e+09                       
----------------------------------------------------------------------------
OH^0 + OH^-1 -> O^-1                        0.000624                      
----------------------------------------------------------------------------
OH^-1 + H^0 -> e_aq^-1                      2.51e+07                      
----------------------------------------------------------------------------
OH^-1 + H2O2^0 -> HO_2^-1                   4.71e+08                      
----------------------------------------------------------------------------
OH^-1 + HO_2^0 -> O_2^-1                    6.3e+09                       
----------------------------------------------------------------------------
OH^-1 + O^0 -> HO_2^-1                      4.2e+08                       
----------------------------------------------------------------------------
OH^-1 + H3O^1 -> No product                 0.0112                        
----------------------------------------------------------------------------
e_aq^-1 + H^0 -> OH^-1 + H_2^0              2.5e+10                       
----------------------------------------------------------------------------
e_aq^-1 + e_aq^-1 -> OH^-1 + OH^-1 + H_2^0  6.36e+09                      
----------------------------------------------------------------------------
e_aq^-1 + H2O2^0 -> OH^-1 + OH^0            1.1e+10                       
----------------------------------------------------------------------------
e_aq^-1 + O_2^0 -> O_2^-1                   1.74e+10                      
----------------------------------------------------------------------------
e_aq^-1 + HO_2^0 -> HO_2^-1                 1.29e+10                      
----------------------------------------------------------------------------
e_aq^-1 + O_2^-1 -> H2O2^0 + OH^-1 + OH^-1  1.29e+10                      
----------------------------------------------------------------------------
e_aq^-1 + HO_2^-1 -> O^-1 + OH^-1           3.51e+09                      
----------------------------------------------------------------------------
e_aq^-1 + O^-1 -> OH^-1 + OH^-1             2.31e+10                      
----------------------------------------------------------------------------
e_aq^-1 + H2O^0 -> H^0 + OH^-1              1.58e-05                      
----------------------------------------------------------------------------
e_aq^-1 + H3O^1 -> H^0                      0.00209                       
----------------------------------------------------------------------------
H^0 + H^0 -> H_2^0                          5.03e+09                      
----------------------------------------------------------------------------
H^0 + O^0 -> OH^0                           2.02e+10                      
----------------------------------------------------------------------------
H^0 + O^-1 -> OH^-1                         2e+10                         
----------------------------------------------------------------------------
H^0 + H2O2^0 -> OH^0                        3.5e+07                       
----------------------------------------------------------------------------
H^0 + O_2^0 -> HO_2^0                       2.1e+10                       
----------------------------------------------------------------------------
H^0 + HO_2^0 -> H2O2^0                      1e+10                         
----------------------------------------------------------------------------
H^0 + O_2^-1 -> HO_2^-1                     1e+10                         
----------------------------------------------------------------------------
H^0 + H2O^0 -> e_aq^-1 + H3O^1              5.94e-06                      
----------------------------------------------------------------------------
H^0 + OH^-1 -> e_aq^-1                      2.48e-06                      
----------------------------------------------------------------------------
H_2^0 + O^0 -> H^0 + OH^0                   4770                          
----------------------------------------------------------------------------
H_2^0 + O^-1 -> H^0 + OH^-1                 1.21e+08                      
----------------------------------------------------------------------------
H2O2^0 + O^0 -> HO_2^0 + OH^0               1.6e+09                       
----------------------------------------------------------------------------
H2O2^0 + O^-1 -> HO_2^0 + OH^-1             5.55e+08                      
----------------------------------------------------------------------------
H2O2^0 + OH^-1 -> HO_2^-1                   4.66e-05                      
----------------------------------------------------------------------------
HO_2^0 + O^0 -> O_2^0 + OH^0                2.02e+10                      
----------------------------------------------------------------------------
HO_2^0 + HO_2^0 -> H2O2^0 + O_2^0           980000                        
----------------------------------------------------------------------------
HO_2^0 + O_2^-1 -> HO_2^-1 + O_2^0          9.7e+07                       
----------------------------------------------------------------------------
HO_2^0 + H2O^0 -> H3O^1 + O_2^-1            0.715                         
----------------------------------------------------------------------------
HO_2^0 + OH^-1 -> O_2^-1                    0.000624                      
----------------------------------------------------------------------------
HO_2^-1 + O^0 -> O_2^-1 + OH^0              5.3e+09                       
----------------------------------------------------------------------------
HO_2^-1 + O^-1 -> O_2^-1 + OH^-1            3.5e+08                       
----------------------------------------------------------------------------
HO_2^-1 + H2O^0 -> H2O2^0 + OH^-1           1.36                          
----------------------------------------------------------------------------
HO_2^-1 + H3O^1 -> H2O2^0                   0.00495                       
----------------------------------------------------------------------------
O^0 + O^0 -> O_2^0                          2.2e+10                       
----------------------------------------------------------------------------
O^0 + O_2^0 -> O_3^0                        4e+09                         
----------------------------------------------------------------------------
O^0 + H2O^0 -> OH^0 + OH^0                  0.001                         
----------------------------------------------------------------------------
O^0 + OH^-1 -> HO_2^-1                      4.16e-05                      
----------------------------------------------------------------------------
O^-1 + O_2^0 -> O_3^-1                      3.7e+09                       
----------------------------------------------------------------------------
O^-1 + O_2^-1 -> O_2^0 + OH^-1 + OH^-1      6e+08                         
----------------------------------------------------------------------------
O^-1 + O^-1 -> H2O2^0 + OH^-1 + OH^-1       1e+08                         
----------------------------------------------------------------------------
O^-1 + O_3^-1 -> O_2^-1 + O_2^-1            7e+08                         
----------------------------------------------------------------------------
O^-1 + H2O^0 -> OH^0 + OH^-1                1.36                          
----------------------------------------------------------------------------
O^-1 + H3O^1 -> OH^0                        0.00473                       
----------------------------------------------------------------------------
O_2^-1 + H2O^0 -> HO_2^0 + OH^-1            1.5e-07                       
----------------------------------------------------------------------------
O_2^-1 + H3O^1 -> HO_2^0                    0.00473                       
----------------------------------------------------------------------------
O_3^-1 + None^0 -> H3O^1 + O_2^-1           0.00266                       
----------------------------------------------------------------------------
O_3^-1 + H3O^1 -> OH^0 + O_2^0              0.00891                       
----------------------------------------------------------------------------

### ===  Deexcitation model UAtomDeexcitation is activated for 1 region:
          DefaultRegionForTheWorld  1  1  0
### ===  Auger cascade flag: 1
### ===  Ignore cuts flag:   1

phot:  for gamma SubType=12 BuildTable=0
      LambdaPrime table from 200 keV to 100 TeV in 61 bins 
      ===== EM models for the G4Region  DefaultRegionForTheWorld ======
 LivermorePhElectric : Emin=    0 eV  Emax=  100 TeV  SauterGavrila Fluo

compt:  for gamma SubType=13 BuildTable=1
      Lambda table from 100 eV  to 1 MeV, 7 bins/decade, spline: 1
      LambdaPrime table from 1 MeV to 100 TeV in 56 bins 
      ===== EM models for the G4Region  DefaultRegionForTheWorld ======
    LivermoreCompton : Emin=    0 eV  Emax=  100 TeV Fluo

conv:  for gamma SubType=14 BuildTable=1
      Lambda table from 1.022 MeV to 100 TeV, 18 bins/decade, spline: 1
      ===== EM models for the G4Region  DefaultRegionForTheWorld ======
 LivermoreConversion : Emin=    0 eV  Emax=  100 TeV  ModifiedTsai

Rayl:  for gamma SubType=11 BuildTable=1
      Lambda table from 100 eV  to 100 keV, 7 bins/decade, spline: 0
      LambdaPrime table from 100 keV to 100 TeV in 63 bins 
      ===== EM models for the G4Region  DefaultRegionForTheWorld ======
   LivermoreRayleigh : Emin=    0 eV  Emax=  100 TeV  CullenGenerator

e-_G4DNAElectronSolvation:  for e- SubType=58 BuildTable=0
      ===== EM models for the G4Region  DefaultRegionForTheWorld ======
DNAOneStepThermalizationModel_Meesungnoen2002 : Emin=    0 eV  Emax=  7.4 eV 

e-_G4DNAElastic:  for e- SubType=51 BuildTable=0
      ===== EM models for the G4Region  DefaultRegionForTheWorld ======
DNAChampionElasticModel : Emin=    0 eV  Emax=    1 MeV

e-_G4DNAExcitation:  for e- SubType=52 BuildTable=0
      ===== EM models for the G4Region  DefaultRegionForTheWorld ======
DNABornExcitationModel : Emin=    0 eV  Emax=    1 MeV

e-_G4DNAIonisation:  for e- SubType=53 BuildTable=0
      ===== EM models for the G4Region  DefaultRegionForTheWorld ======
DNABornIonisationModel : Emin=    0 eV  Emax=  100 TeV  deltaBorn Fluo

e-_G4DNAVibExcitation:  for e- SubType=54 BuildTable=0
      ===== EM models for the G4Region  DefaultRegionForTheWorld ======
DNASancheExcitationModel : Emin=    0 eV  Emax=  100 eV 

e-_G4DNAAttachment:  for e- SubType=55 BuildTable=0
      ===== EM models for the G4Region  DefaultRegionForTheWorld ======
DNAMeltonAttachmentModel : Emin=    0 eV  Emax=   13 eV 

msc:  for e+  SubType= 10
      ===== EM models for the G4Region  DefaultRegionForTheWorld ======
            UrbanMsc : Emin=    0 eV  Emax=  100 TeV Nbins=84 100 eV  - 100 TeV
              StepLim=DistanceToBoundary Rfact=0.04 Gfact=2.5 Sfact=0.6 DispFlag:1 Skin=1 Llimit=1

eIoni:  for e+  SubType=2
      dE/dx and range tables from 100 eV  to 100 TeV in 84 bins
      Lambda tables from threshold to 100 TeV, 7 bins/decade, spline: 1
      StepFunction=(0.2, 1 mm), integ: 1, fluct: 1, linLossLim= 0.01
      ===== EM models for the G4Region  DefaultRegionForTheWorld ======
        MollerBhabha : Emin=    0 eV  Emax=  100 TeV

eBrem:  for e+  SubType=3
      dE/dx and range tables from 100 eV  to 100 TeV in 84 bins
      Lambda tables from threshold to 100 TeV, 7 bins/decade, spline: 1
      LPM flag: 1 for E > 1 GeV,  VertexHighEnergyTh(GeV)= 100000
      ===== EM models for the G4Region  DefaultRegionForTheWorld ======
             eBremSB : Emin=    0 eV  Emax=    1 GeV  ModifiedTsai
            eBremLPM : Emin=    1 GeV Emax=  100 TeV  ModifiedTsai

annihil:  for e+, integral:1  SubType=5 BuildTable=0
      ===== EM models for the G4Region  DefaultRegionForTheWorld ======
            eplus2gg : Emin=    0 eV  Emax=  100 TeV

proton_G4DNAElastic:  for proton SubType=51 BuildTable=0
      ===== EM models for the G4Region  DefaultRegionForTheWorld ======
  DNAIonElasticModel : Emin=    0 eV  Emax=    1 MeV

proton_G4DNAExcitation:  for proton SubType=52 BuildTable=0
      ===== EM models for the G4Region  DefaultRegionForTheWorld ======
DNAMillerGreenExcitationModel : Emin=    0 eV  Emax=  500 keV
DNABornExcitationModel : Emin=  500 keV Emax=  100 MeV

proton_G4DNAIonisation:  for proton SubType=53 BuildTable=0
      ===== EM models for the G4Region  DefaultRegionForTheWorld ======
DNARuddIonisationExtendedModel : Emin=    0 eV  Emax=  500 keV  deltaRudd Fluo
DNABornIonisationModel : Emin=  500 keV Emax=  100 MeV  deltaBorn Fluo

proton_G4DNAChargeDecrease:  for proton SubType=56 BuildTable=0
      ===== EM models for the G4Region  DefaultRegionForTheWorld ======
DNADingfelderChargeDecreaseModel : Emin=    0 eV  Emax=  100 MeV

GenericIon_G4DNAIonisation:  for GenericIon SubType=53 BuildTable=0
      ===== EM models for the G4Region  DefaultRegionForTheWorld ======
DNARuddIonisationExtendedModel : Emin=    0 eV  Emax=    1 TeV  deltaRudd Fluo

alpha_G4DNAElastic:  for alpha SubType=51 BuildTable=0
      ===== EM models for the G4Region  DefaultRegionForTheWorld ======
  DNAIonElasticModel : Emin=    0 eV  Emax=    1 MeV

alpha_G4DNAExcitation:  for alpha SubType=52 BuildTable=0
      ===== EM models for the G4Region  DefaultRegionForTheWorld ======
DNAMillerGreenExcitationModel : Emin=    0 eV  Emax=  400 MeV

alpha_G4DNAIonisation:  for alpha SubType=53 BuildTable=0
      ===== EM models for the G4Region  DefaultRegionForTheWorld ======
DNARuddIonisationExtendedModel : Emin=    0 eV  Emax=  100 TeV  deltaRudd Fluo

alpha_G4DNAChargeDecrease:  for alpha SubType=56 BuildTable=0
      ===== EM models for the G4Region  DefaultRegionForTheWorld ======
DNADingfelderChargeDecreaseModel : Emin=    0 eV  Emax=  400 MeV

alpha+_G4DNAElastic:  for alpha+ SubType=51 BuildTable=0
      ===== EM models for the G4Region  DefaultRegionForTheWorld ======
  DNAIonElasticModel : Emin=    0 eV  Emax=    1 MeV

alpha+_G4DNAExcitation:  for alpha+ SubType=52 BuildTable=0
      ===== EM models for the G4Region  DefaultRegionForTheWorld ======
DNAMillerGreenExcitationModel : Emin=    0 eV  Emax=  400 MeV

alpha+_G4DNAIonisation:  for alpha+ SubType=53 BuildTable=0
      ===== EM models for the G4Region  DefaultRegionForTheWorld ======
DNARuddIonisationExtendedModel : Emin=    0 eV  Emax=  100 TeV  deltaRudd Fluo

alpha+_G4DNAChargeDecrease:  for alpha+ SubType=56 BuildTable=0
      ===== EM models for the G4Region  DefaultRegionForTheWorld ======
DNADingfelderChargeDecreaseModel : Emin=    0 eV  Emax=  400 MeV

alpha+_G4DNAChargeIncrease:  for alpha+ SubType=57 BuildTable=0
      ===== EM models for the G4Region  DefaultRegionForTheWorld ======
DNADingfelderChargeIncreaseModel : Emin=    0 eV  Emax=  400 MeV

helium_G4DNAElastic:  for helium SubType=51 BuildTable=0
      ===== EM models for the G4Region  DefaultRegionForTheWorld ======
  DNAIonElasticModel : Emin=    0 eV  Emax=    1 MeV

helium_G4DNAExcitation:  for helium SubType=52 BuildTable=0
      ===== EM models for the G4Region  DefaultRegionForTheWorld ======
DNAMillerGreenExcitationModel : Emin=    0 eV  Emax=  400 MeV

helium_G4DNAIonisation:  for helium SubType=53 BuildTable=0
      ===== EM models for the G4Region  DefaultRegionForTheWorld ======
DNARuddIonisationExtendedModel : Emin=    0 eV  Emax=  100 TeV  deltaRudd Fluo

helium_G4DNAChargeIncrease:  for helium SubType=57 BuildTable=0
      ===== EM models for the G4Region  DefaultRegionForTheWorld ======
DNADingfelderChargeIncreaseModel : Emin=    0 eV  Emax=  400 MeV

hydrogen_G4DNAElastic:  for hydrogen SubType=51 BuildTable=0
      ===== EM models for the G4Region  DefaultRegionForTheWorld ======
  DNAIonElasticModel : Emin=    0 eV  Emax=    1 MeV

hydrogen_G4DNAExcitation:  for hydrogen SubType=52 BuildTable=0
      ===== EM models for the G4Region  DefaultRegionForTheWorld ======
DNAMillerGreenExcitationModel : Emin=    0 eV  Emax=  500 keV

hydrogen_G4DNAIonisation:  for hydrogen SubType=53 BuildTable=0
      ===== EM models for the G4Region  DefaultRegionForTheWorld ======
DNARuddIonisationExtendedModel : Emin=    0 eV  Emax=  100 TeV  deltaRudd Fluo

hydrogen_G4DNAChargeIncrease:  for hydrogen SubType=57 BuildTable=0
      ===== EM models for the G4Region  DefaultRegionForTheWorld ======
DNADingfelderChargeIncreaseModel : Emin=    0 eV  Emax=  100 MeV
### Run 0 starts.
### Run 0 starts.
--> Event 0 starts.
DNAMolecularIRTModel will be used
--> Event 100 starts.
--> Event 200 starts.

--------------------End of Global Run-----------------------
  The run has 87 events 
Number of events recorded by the species scorer = 87
 Total energy deposited in the world volume : 1.0489e+05 eV
 ------------------------------------------------------------

### Run 1 starts.
### Run 1 starts.
--> Event 0 starts.
--> Event 100 starts.
--> Event 200 starts.

--------------------End of Global Run-----------------------
  The run has 88 events 
Number of events recorded by the species scorer = 88
 Total energy deposited in the world volume : 1.4146e+05 eV
 ------------------------------------------------------------

### Run 2 starts.
### Run 2 starts.
--> Event 0 starts.
--> Event 100 starts.
--> Event 200 starts.

--------------------End of Global Run-----------------------
  The run has 122 events 
Number of events recorded by the species scorer = 122
 Total energy deposited in the world volume : 2.8196e+05 eV
 ------------------------------------------------------------

### Run 3 starts.
### Run 3 starts.
--> Event 0 starts.

--------------------End of Global Run-----------------------
  The run has 42 events 
Number of events recorded by the species scorer = 42
 Total energy deposited in the world volume : 1.6028e+05 eV
 ------------------------------------------------------------

### Run 4 starts.
### Run 4 starts.
--> Event 0 starts.

--------------------End of Global Run-----------------------
  The run has 49 events 
Number of events recorded by the species scorer = 49
 Total energy deposited in the world volume : 2.9496e+05 eV
 ------------------------------------------------------------

### Run 5 starts.
### Run 5 starts.
--> Event 0 starts.

--------------------End of Global Run-----------------------
  The run has 57 events 
Number of events recorded by the species scorer = 57
 Total energy deposited in the world volume : 4.5728e+05 eV
 ------------------------------------------------------------

### Run 6 starts.
### Run 6 starts.
--> Event 0 starts.

--------------------End of Global Run-----------------------
  The run has 52 events 
Number of events recorded by the species scorer = 52
 Total energy deposited in the world volume : 5.2131e+05 eV
 ------------------------------------------------------------

